2024-08-13 19:18:34,843:INFO:Script started
2024-08-13 19:18:34,858:INFO:Using device: cuda
2024-08-13 19:18:34,858:INFO:Loading training data from CSV file
2024-08-13 19:18:35,124:INFO:Loading user data from CSV file
2024-08-13 19:18:35,126:INFO:Setup completed successfully
2024-08-13 19:18:35,126:INFO:Cleaning training data of known issues:
2024-08-13 19:18:35,126:INFO:Handling suffix problem...
2024-08-13 19:18:36,308:INFO:Identified 4348 entries with '-1' suffix not in exceptions.
2024-08-13 19:18:37,377:INFO:Number of '-1' suffixes handled: 4348
2024-08-13 19:18:37,462:INFO:Correcting mislabeled films...
2024-08-13 19:18:37,630:INFO:Mislabeled films have been corrected.
2024-08-13 19:18:38,376:INFO:Resolved training data has been saved to cleaned_training_data.csv.
2024-08-13 19:18:38,464:INFO:Starting apply_standard_formatting:
2024-08-13 19:18:38,464:INFO:Reformatting names...
2024-08-13 19:18:38,466:INFO:Adding dates to names...
2024-08-13 19:18:52,905:INFO:Added dates to names in 14.44 seconds.
2024-08-13 19:18:52,905:INFO:Saving progress to CSV...
2024-08-13 19:18:52,908:INFO:Comparing names...
2024-08-13 19:18:52,916:INFO:Rescaling ratings...
2024-08-13 19:18:52,919:INFO:Completed apply_standard_formatting.
2024-08-13 19:18:52,919:INFO:Starting adding user data to training data:
2024-08-13 19:18:52,919:INFO:Adding user data to training data.
2024-08-13 19:18:54,051:INFO:User data added to training data and saved to updated_training_data.csv.
2024-08-13 19:18:54,052:INFO:Completed adding user data to training data.
2024-08-13 19:18:54,210:INFO:Number of duplicate rows: 52
2024-08-13 19:18:54,391:INFO:52 duplicate rows removed.
2024-08-13 19:18:54,422:INFO:Number of entries in training data: 1200602
2024-08-13 19:18:54,422:INFO:Number of entries for user_id 'ma7cus': 671
2024-08-13 19:18:54,428:INFO:Processing 100% subset of the training data (Iteration 1 of 1)
2024-08-13 19:18:54,428:INFO:Extracting training data subset...
2024-08-13 19:18:54,533:INFO:Filtered training data to include 1200600 rows corresponding to combined movie IDs.
2024-08-13 19:18:54,760:INFO:Total number of unique movies in the training data subset: 113896
2024-08-13 19:18:54,760:INFO:Total number of unique users in the training data subset: 22969
2024-08-13 19:18:54,761:INFO:Encoding user and movie IDs...
2024-08-13 19:18:55,299:INFO:Converting sparse tensor to dense tensor...
2024-08-13 19:18:55,626:INFO:Computing column means...
2024-08-13 19:18:55,664:INFO:Mean centering the data...
2024-08-13 19:19:04,002:INFO:Computing covariance matrix
2024-08-13 19:32:02,952:INFO:Normalising the covariance matrix...
2024-08-13 19:45:02,989:INFO:Computing similarity scores...
2024-08-13 19:45:03,649:INFO:Recommendation process completed in 3.27 minutes
2024-08-13 19:45:06,730:INFO:Top 5 recommendations for subset size 100% (Iteration 1): {'dunkirk-2017': 4.9, 'spider-man-2': 4.9, 'king-kong-2005': 4.79, 'snowpiercer': 4.78, 'spider-man-3': 4.77}
2024-08-13 20:00:39,040:INFO:Script started
2024-08-13 20:00:39,079:INFO:Using device: cuda
2024-08-13 20:00:39,079:INFO:Loading training data from CSV file
2024-08-13 20:00:39,363:INFO:Loading user data from CSV file
2024-08-13 20:00:39,372:INFO:Setup completed successfully
2024-08-13 20:00:39,372:INFO:Reading in existing cleaned data from cleaned_training_data.csv
2024-08-13 20:00:40,310:INFO:Number of entries in training data: 1200654
2024-08-13 20:00:40,310:INFO:Number of entries for user_id 'ma7cus': 713
2024-08-13 20:00:40,317:INFO:Processing 100% subset of the training data (Iteration 1 of 1)
2024-08-13 20:00:40,317:INFO:Extracting training data subset...
2024-08-13 20:00:40,408:INFO:Filtered training data to include 1200652 rows corresponding to combined movie IDs.
2024-08-13 20:00:40,601:INFO:Total number of unique movies in the training data subset: 113896
2024-08-13 20:00:40,601:INFO:Total number of unique users in the training data subset: 22969
2024-08-13 20:00:40,602:INFO:Encoding user and movie IDs...
2024-08-13 20:00:41,209:INFO:Converting sparse tensor to dense tensor...
2024-08-13 20:00:41,558:INFO:Computing column means...
2024-08-13 20:00:41,619:INFO:Mean centering the data...
2024-08-13 20:00:47,798:INFO:Computing covariance matrix
2024-08-13 20:13:34,041:INFO:Normalising the covariance matrix...
2024-08-13 20:25:28,791:INFO:Computing similarity scores...
2024-08-13 20:25:30,960:INFO:Recommendation process completed in 1.88 minutes
2024-08-13 20:25:34,813:INFO:Top 5 recommendations for subset size 100% (Iteration 1): {'dunkirk-2017': 4.9, 'spider-man-2': 4.9, 'king-kong-2005': 4.79, 'snowpiercer': 4.78, 'spider-man-3': 4.77}
2024-08-19 19:00:51,944:INFO:Script started
2024-08-19 19:00:51,960:INFO:Using device: cuda
2024-08-19 19:00:51,961:INFO:Loading training data from CSV file
2024-08-19 19:00:52,257:INFO:Loading user data from CSV file
2024-08-19 19:00:52,259:INFO:Setup completed successfully
2024-08-19 19:00:52,259:INFO:Reading in existing cleaned data from cleaned_training_data.csv
2024-08-19 19:00:53,187:INFO:Number of entries in training data: 1200654
2024-08-19 19:00:53,188:INFO:Number of entries for user_id 'ma7cus': 713
2024-08-19 19:00:53,195:INFO:Processing 100% subset of the training data (Iteration 1 of 1)
2024-08-19 19:00:53,195:INFO:Extracting training data subset...
2024-08-19 19:00:53,288:INFO:Filtered training data to include 1200652 rows corresponding to combined movie IDs.
2024-08-19 19:00:53,473:INFO:Total number of unique movies in the training data subset: 113896
2024-08-19 19:00:53,473:INFO:Total number of unique users in the training data subset: 22969
2024-08-19 19:00:53,474:INFO:Encoding user and movie IDs...
2024-08-19 19:00:54,074:INFO:Converting sparse tensor to dense tensor...
2024-08-19 19:00:54,409:INFO:Computing column means...
2024-08-19 19:00:54,470:INFO:Mean centering the data...
2024-08-19 19:00:58,530:INFO:Computing covariance matrix
2024-08-19 19:13:15,977:INFO:Normalising the covariance matrix...
2024-08-19 19:21:42,067:INFO:Computing similarity scores...
2024-08-19 19:21:42,567:INFO:Recommendation process completed in 2.36 minutes
2024-08-19 19:21:45,049:INFO:Top 5 recommendations for subset size 100% (Iteration 1): {'dunkirk-2017': 4.9, 'spider-man-2': 4.9, 'king-kong-2005': 4.79, 'snowpiercer': 4.78, 'spider-man-3': 4.77}
